Arguments: 
  C:\Program Files\nodejs\node.exe C:\Program Files (x86)\Yarn\bin\yarn.js

PATH: 
  C:\Program Files\nodejs\;C:\Windows\System32\Wbem;C:\Program Files\AdoptOpenJDK\jdk8u192-b12\bin;C:\Android\tools\bin;C:\Program Files (x86)\Yarn\bin\;C:\Android\emulator;C:\Android\platform-tools;C:\ProgramData\chocolatey\bin;C:\Android\build-tools;C:\system32\WindowsPowerShell\v1.0;C:\tools\php74;C:\Users\KIT\.gradle\wrapper\dists\gradle-5.4.1-all\81msde2dx9p4vji0mjgtvxkcb\gradle-5.4.1\bin;C:\ProgramData\ComposerSetup\bin;C:\Windows\System32;C:\Program Files\Git\cmd;C:\Users\KIT\AppData\Local\Microsoft\WindowsApps;C:\Program Files\Intel\WiFi\bin\;C:\Program Files\Common Files\Intel\WirelessCommon\;C:\Users\KIT\AppData\Roaming\npm;C:\Users\KIT\AppData\Local\Yarn\bin;C:\Users\KIT\AppData\Local\Programs\Microsoft VS Code\bin;C:\Users\KIT\AppData\Roaming\Composer\vendor\bin;C:\Gradle\gradle-6.3\bin;C:\src\flutter\bin;C:\Windows\System32\WindowsPowerShell\v1.0;C:\Users\KIT\AppData\Local\GitHubDesktop\bin

Yarn version: 
  1.22.4

Node version: 
  12.16.2

Platform: 
  win32 x64

Trace: 
  Error: getaddrinfo ENOTFOUND registry.npmjs.org
      at GetAddrInfoReqWrap.onlookup [as oncomplete] (dns.js:64:26)

npm manifest: 
  {
    "name": "unibomb",
    "version": "1.0.0",
    "description": "SMS bombing system from Unicorx by sheikh haziq",
    "main": "index.js",
    "scripts": {
      "start":"node ./index.js"
    },
    "keywords": [],
    "author": "Sheikh Haziq",
    "license": "ISC",
    "bin":{
      "unibomb":"./index.js",
      "Unibomb":"./index.js"
    },
    "dependencies": {
      "axios": "^0.21.0",
      "express": "^4.17.1",
      "socket.io": "^2.3.0"
    }
  }

yarn manifest: 
  No manifest

Lockfile: 
  No lockfile
